c:\users\student\desktop\2d_action\03_nguyen dang hung\patch 11\patch 6\release\vc140.pdb
c:\users\student\desktop\2d_action\03_nguyen dang hung\patch 11\patch 6\release\tutorial.obj
c:\users\student\desktop\2d_action\03_nguyen dang hung\patch 11\patch 6\release\title.obj
c:\users\student\desktop\2d_action\03_nguyen dang hung\patch 11\patch 6\release\sound.obj
c:\users\student\desktop\2d_action\03_nguyen dang hung\patch 11\patch 6\release\score.obj
c:\users\student\desktop\2d_action\03_nguyen dang hung\patch 11\patch 6\release\result.obj
c:\users\student\desktop\2d_action\03_nguyen dang hung\patch 11\patch 6\release\ranking.obj
c:\users\student\desktop\2d_action\03_nguyen dang hung\patch 11\patch 6\release\player.obj
c:\users\student\desktop\2d_action\03_nguyen dang hung\patch 11\patch 6\release\pause.obj
c:\users\student\desktop\2d_action\03_nguyen dang hung\patch 11\patch 6\release\main.obj
c:\users\student\desktop\2d_action\03_nguyen dang hung\patch 11\patch 6\release\item.obj
c:\users\student\desktop\2d_action\03_nguyen dang hung\patch 11\patch 6\release\input.obj
c:\users\student\desktop\2d_action\03_nguyen dang hung\patch 11\patch 6\release\game.obj
c:\users\student\desktop\2d_action\03_nguyen dang hung\patch 11\patch 6\release\fade.obj
c:\users\student\desktop\2d_action\03_nguyen dang hung\patch 11\patch 6\release\enemy.obj
c:\users\student\desktop\2d_action\03_nguyen dang hung\patch 11\patch 6\release\block.obj
c:\users\student\desktop\2d_action\03_nguyen dang hung\patch 11\patch 6\release\background.obj
c:\users\student\desktop\2d_action\03_nguyen dang hung\patch 11\patch 6\santa.exe
c:\users\student\desktop\2d_action\03_nguyen dang hung\patch 11\patch 6\santa.ipdb
c:\users\student\desktop\2d_action\03_nguyen dang hung\patch 11\patch 6\santa.iobj
c:\users\student\desktop\2d_action\03_nguyen dang hung\patch 11\patch 6\santa.pdb
c:\users\student\desktop\2d_action\03_nguyen dang hung\patch 11\patch 6\release\santa.tlog\cl.command.1.tlog
c:\users\student\desktop\2d_action\03_nguyen dang hung\patch 11\patch 6\release\santa.tlog\cl.read.1.tlog
c:\users\student\desktop\2d_action\03_nguyen dang hung\patch 11\patch 6\release\santa.tlog\cl.write.1.tlog
c:\users\student\desktop\2d_action\03_nguyen dang hung\patch 11\patch 6\release\santa.tlog\link.command.1.tlog
c:\users\student\desktop\2d_action\03_nguyen dang hung\patch 11\patch 6\release\santa.tlog\link.read.1.tlog
c:\users\student\desktop\2d_action\03_nguyen dang hung\patch 11\patch 6\release\santa.tlog\link.write.1.tlog
