  game.cpp
  Generating Code...
  Compiling...
  title.cpp
  sound.cpp
  score.cpp
c:\users\student\desktop\03_nguyen dang hung\patch 2\score.cpp(134): warning C4244: '=': conversion from 'float' to 'int', possible loss of data
  result.cpp
  player.cpp
  pause.cpp
  main.cpp
  life.cpp
  input.cpp
  fade.cpp
  explosion.cpp
  enemy.cpp
  effect.cpp
  bullet.cpp
  background.cpp
  Generating Code...
c:\users\student\desktop\03_nguyen dang hung\patch 2\player.cpp(439): warning C4715: 'HitPlayer': not all control paths return a value
  Shooting SpaceShip.vcxproj -> C:\Users\student\Desktop\03_Nguyen Dang Hung\Patch 2\Debug\Shooting SpaceShip.exe
  Shooting SpaceShip.vcxproj -> C:\Users\student\Desktop\03_Nguyen Dang Hung\Patch 2\Debug\Shooting SpaceShip.pdb (Full PDB)
