c:\users\student\desktop\2d_shooting\03_nguyen dang hung\patch 2\release\vc140.pdb
c:\users\student\desktop\2d_shooting\03_nguyen dang hung\patch 2\release\tutorial.obj
c:\users\student\desktop\2d_shooting\03_nguyen dang hung\patch 2\release\title.obj
c:\users\student\desktop\2d_shooting\03_nguyen dang hung\patch 2\release\sound.obj
c:\users\student\desktop\2d_shooting\03_nguyen dang hung\patch 2\release\score.obj
c:\users\student\desktop\2d_shooting\03_nguyen dang hung\patch 2\release\result.obj
c:\users\student\desktop\2d_shooting\03_nguyen dang hung\patch 2\release\ranking.obj
c:\users\student\desktop\2d_shooting\03_nguyen dang hung\patch 2\release\player.obj
c:\users\student\desktop\2d_shooting\03_nguyen dang hung\patch 2\release\pause.obj
c:\users\student\desktop\2d_shooting\03_nguyen dang hung\patch 2\release\main.obj
c:\users\student\desktop\2d_shooting\03_nguyen dang hung\patch 2\release\life.obj
c:\users\student\desktop\2d_shooting\03_nguyen dang hung\patch 2\release\input.obj
c:\users\student\desktop\2d_shooting\03_nguyen dang hung\patch 2\release\game.obj
c:\users\student\desktop\2d_shooting\03_nguyen dang hung\patch 2\release\fade.obj
c:\users\student\desktop\2d_shooting\03_nguyen dang hung\patch 2\release\explosion.obj
c:\users\student\desktop\2d_shooting\03_nguyen dang hung\patch 2\release\enemy.obj
c:\users\student\desktop\2d_shooting\03_nguyen dang hung\patch 2\release\effect.obj
c:\users\student\desktop\2d_shooting\03_nguyen dang hung\patch 2\release\bullet.obj
c:\users\student\desktop\2d_shooting\03_nguyen dang hung\patch 2\release\background.obj
c:\users\student\desktop\2d_shooting\03_nguyen dang hung\patch 2\release\vc142.pdb
c:\users\student\desktop\2d_shooting\03_nguyen dang hung\patch 2\release\subplayer.obj
c:\users\student\desktop\2d_shooting\03_nguyen dang hung\patch 2\release\enemycounter.obj
c:\users\student\desktop\2d_shooting\03_nguyen dang hung\patch 2\release\time.obj
c:\users\student\desktop\2d_shooting\03_nguyen dang hung\patch 2\shooting spaceship.exe
c:\users\student\desktop\2d_shooting\03_nguyen dang hung\patch 2\release\shooting spaceship.ipdb
c:\users\student\desktop\2d_shooting\03_nguyen dang hung\patch 2\release\shooting spaceship.iobj
c:\users\student\desktop\2d_shooting\03_nguyen dang hung\patch 2\shooting spaceship.pdb
c:\users\student\desktop\2d_shooting\03_nguyen dang hung\patch 2\shooting spaceship.ipdb
c:\users\student\desktop\2d_shooting\03_nguyen dang hung\patch 2\shooting spaceship.iobj
c:\users\student\desktop\2d_shooting\03_nguyen dang hung\patch 2\release\shooting spaceship.pdb
c:\users\student\desktop\2d_shooting\03_nguyen dang hung\patch 2\release\shooting.60f4487e.tlog\cl.command.1.tlog
c:\users\student\desktop\2d_shooting\03_nguyen dang hung\patch 2\release\shooting.60f4487e.tlog\cl.read.1.tlog
c:\users\student\desktop\2d_shooting\03_nguyen dang hung\patch 2\release\shooting.60f4487e.tlog\cl.write.1.tlog
c:\users\student\desktop\2d_shooting\03_nguyen dang hung\patch 2\release\shooting.60f4487e.tlog\link.command.1.tlog
c:\users\student\desktop\2d_shooting\03_nguyen dang hung\patch 2\release\shooting.60f4487e.tlog\link.read.1.tlog
c:\users\student\desktop\2d_shooting\03_nguyen dang hung\patch 2\release\shooting.60f4487e.tlog\link.write.1.tlog
c:\users\student\desktop\2d_shooting\03_nguyen dang hung\patch 2\release\shooting.60f4487e.tlog\shooting spaceship.write.1u.tlog
